This is pdfTeX, Version 3.1415926-2.5-1.40.14 (TeX Live 2013/Debian) (format=pdflatex 2016.11.17)  7 JAN 2017 16:57
entering extended mode
 restricted \write18 enabled.
 %&-line parsing enabled.
**p3.tex
(./p3.tex
LaTeX2e <2011/06/27>
Babel <3.9h> and hyphenation patterns for 2 languages loaded.
(/usr/share/texlive/texmf-dist/tex/latex/base/article.cls
Document Class: article 2007/10/19 v1.4h Standard LaTeX document class
(/usr/share/texlive/texmf-dist/tex/latex/base/size10.clo
File: size10.clo 2007/10/19 v1.4h Standard LaTeX file (size option)
)
\c@part=\count79
\c@section=\count80
\c@subsection=\count81
\c@subsubsection=\count82
\c@paragraph=\count83
\c@subparagraph=\count84
\c@figure=\count85
\c@table=\count86
\abovecaptionskip=\skip41
\belowcaptionskip=\skip42
\bibindent=\dimen102
)
(/usr/share/texlive/texmf-dist/tex/latex/geometry/geometry.sty
Package: geometry 2010/09/12 v5.6 Page Geometry

(/usr/share/texlive/texmf-dist/tex/latex/graphics/keyval.sty
Package: keyval 1999/03/16 v1.13 key=value parser (DPC)
\KV@toks@=\toks14
)
(/usr/share/texlive/texmf-dist/tex/generic/oberdiek/ifpdf.sty
Package: ifpdf 2011/01/30 v2.3 Provides the ifpdf switch (HO)
Package ifpdf Info: pdfTeX in PDF mode is detected.
)
(/usr/share/texlive/texmf-dist/tex/generic/oberdiek/ifvtex.sty
Package: ifvtex 2010/03/01 v1.5 Detect VTeX and its facilities (HO)
Package ifvtex Info: VTeX not detected.
)
(/usr/share/texlive/texmf-dist/tex/generic/ifxetex/ifxetex.sty
Package: ifxetex 2010/09/12 v0.6 Provides ifxetex conditional
)
\Gm@cnth=\count87
\Gm@cntv=\count88
\c@Gm@tempcnt=\count89
\Gm@bindingoffset=\dimen103
\Gm@wd@mp=\dimen104
\Gm@odd@mp=\dimen105
\Gm@even@mp=\dimen106
\Gm@layoutwidth=\dimen107
\Gm@layoutheight=\dimen108
\Gm@layouthoffset=\dimen109
\Gm@layoutvoffset=\dimen110
\Gm@dimlist=\toks15
)
(/usr/share/texlive/texmf-dist/tex/generic/babel/babel.sty
Package: babel 2013/12/03 3.9h The Babel package


! Package babel Error: Unknown option `spanish'. Either you misspelled it
(babel)                or the language definition file spanish.ldf was not foun
d.

See the babel package documentation for explanation.
Type  H <return>  for immediate help.
 ...                                              
                                                  
l.296 \ProcessOptions*
                      
? 

! Package babel Error: Unknown option `es-noshorthands'. Either you misspelled 
it
(babel)                or the language definition file es-noshorthands.ldf was 
not found.

See the babel package documentation for explanation.
Type  H <return>  for immediate help.
 ...                                              
                                                  
l.296 \ProcessOptions*
                      
? 

! Package babel Error: You haven't specified a language option.

See the babel package documentation for explanation.
Type  H <return>  for immediate help.
 ...                                              
                                                  
l.329 ...ry to proceed from here, type x to quit.}
                                                  
? 
) (/usr/share/texlive/texmf-dist/tex/latex/base/inputenc.sty
Package: inputenc 2008/03/30 v1.1d Input encoding file
\inpenc@prehook=\toks16
\inpenc@posthook=\toks17

(/usr/share/texlive/texmf-dist/tex/latex/base/utf8.def
File: utf8.def 2008/04/05 v1.1m UTF-8 support for inputenc
Now handling font encoding OML ...
... no UTF-8 mapping file for font encoding OML
Now handling font encoding T1 ...
... processing UTF-8 mapping file for font encoding T1

(/usr/share/texlive/texmf-dist/tex/latex/base/t1enc.dfu
File: t1enc.dfu 2008/04/05 v1.1m UTF-8 support for inputenc
   defining Unicode char U+00A1 (decimal 161)
   defining Unicode char U+00A3 (decimal 163)
   defining Unicode char U+00AB (decimal 171)
   defining Unicode char U+00BB (decimal 187)
   defining Unicode char U+00BF (decimal 191)
   defining Unicode char U+00C0 (decimal 192)
   defining Unicode char U+00C1 (decimal 193)
   defining Unicode char U+00C2 (decimal 194)
   defining Unicode char U+00C3 (decimal 195)
   defining Unicode char U+00C4 (decimal 196)
   defining Unicode char U+00C5 (decimal 197)
   defining Unicode char U+00C6 (decimal 198)
   defining Unicode char U+00C7 (decimal 199)
   defining Unicode char U+00C8 (decimal 200)
   defining Unicode char U+00C9 (decimal 201)
   defining Unicode char U+00CA (decimal 202)
   defining Unicode char U+00CB (decimal 203)
   defining Unicode char U+00CC (decimal 204)
   defining Unicode char U+00CD (decimal 205)
   defining Unicode char U+00CE (decimal 206)
   defining Unicode char U+00CF (decimal 207)
   defining Unicode char U+00D0 (decimal 208)
   defining Unicode char U+00D1 (decimal 209)
   defining Unicode char U+00D2 (decimal 210)
   defining Unicode char U+00D3 (decimal 211)
   defining Unicode char U+00D4 (decimal 212)
   defining Unicode char U+00D5 (decimal 213)
   defining Unicode char U+00D6 (decimal 214)
   defining Unicode char U+00D8 (decimal 216)
   defining Unicode char U+00D9 (decimal 217)
   defining Unicode char U+00DA (decimal 218)
   defining Unicode char U+00DB (decimal 219)
   defining Unicode char U+00DC (decimal 220)
   defining Unicode char U+00DD (decimal 221)
   defining Unicode char U+00DE (decimal 222)
   defining Unicode char U+00DF (decimal 223)
   defining Unicode char U+00E0 (decimal 224)
   defining Unicode char U+00E1 (decimal 225)
   defining Unicode char U+00E2 (decimal 226)
   defining Unicode char U+00E3 (decimal 227)
   defining Unicode char U+00E4 (decimal 228)
   defining Unicode char U+00E5 (decimal 229)
   defining Unicode char U+00E6 (decimal 230)
   defining Unicode char U+00E7 (decimal 231)
   defining Unicode char U+00E8 (decimal 232)
   defining Unicode char U+00E9 (decimal 233)
   defining Unicode char U+00EA (decimal 234)
   defining Unicode char U+00EB (decimal 235)
   defining Unicode char U+00EC (decimal 236)
   defining Unicode char U+00ED (decimal 237)
   defining Unicode char U+00EE (decimal 238)
   defining Unicode char U+00EF (decimal 239)
   defining Unicode char U+00F0 (decimal 240)
   defining Unicode char U+00F1 (decimal 241)
   defining Unicode char U+00F2 (decimal 242)
   defining Unicode char U+00F3 (decimal 243)
   defining Unicode char U+00F4 (decimal 244)
   defining Unicode char U+00F5 (decimal 245)
   defining Unicode char U+00F6 (decimal 246)
   defining Unicode char U+00F8 (decimal 248)
   defining Unicode char U+00F9 (decimal 249)
   defining Unicode char U+00FA (decimal 250)
   defining Unicode char U+00FB (decimal 251)
   defining Unicode char U+00FC (decimal 252)
   defining Unicode char U+00FD (decimal 253)
   defining Unicode char U+00FE (decimal 254)
   defining Unicode char U+00FF (decimal 255)
   defining Unicode char U+0102 (decimal 258)
   defining Unicode char U+0103 (decimal 259)
   defining Unicode char U+0104 (decimal 260)
   defining Unicode char U+0105 (decimal 261)
   defining Unicode char U+0106 (decimal 262)
   defining Unicode char U+0107 (decimal 263)
   defining Unicode char U+010C (decimal 268)
   defining Unicode char U+010D (decimal 269)
   defining Unicode char U+010E (decimal 270)
   defining Unicode char U+010F (decimal 271)
   defining Unicode char U+0110 (decimal 272)
   defining Unicode char U+0111 (decimal 273)
   defining Unicode char U+0118 (decimal 280)
   defining Unicode char U+0119 (decimal 281)
   defining Unicode char U+011A (decimal 282)
   defining Unicode char U+011B (decimal 283)
   defining Unicode char U+011E (decimal 286)
   defining Unicode char U+011F (decimal 287)
   defining Unicode char U+0130 (decimal 304)
   defining Unicode char U+0131 (decimal 305)
   defining Unicode char U+0132 (decimal 306)
   defining Unicode char U+0133 (decimal 307)
   defining Unicode char U+0139 (decimal 313)
   defining Unicode char U+013A (decimal 314)
   defining Unicode char U+013D (decimal 317)
   defining Unicode char U+013E (decimal 318)
   defining Unicode char U+0141 (decimal 321)
   defining Unicode char U+0142 (decimal 322)
   defining Unicode char U+0143 (decimal 323)
   defining Unicode char U+0144 (decimal 324)
   defining Unicode char U+0147 (decimal 327)
   defining Unicode char U+0148 (decimal 328)
   defining Unicode char U+014A (decimal 330)
   defining Unicode char U+014B (decimal 331)
   defining Unicode char U+0150 (decimal 336)
   defining Unicode char U+0151 (decimal 337)
   defining Unicode char U+0152 (decimal 338)
   defining Unicode char U+0153 (decimal 339)
   defining Unicode char U+0154 (decimal 340)
   defining Unicode char U+0155 (decimal 341)
   defining Unicode char U+0158 (decimal 344)
   defining Unicode char U+0159 (decimal 345)
   defining Unicode char U+015A (decimal 346)
   defining Unicode char U+015B (decimal 347)
   defining Unicode char U+015E (decimal 350)
   defining Unicode char U+015F (decimal 351)
   defining Unicode char U+0160 (decimal 352)
   defining Unicode char U+0161 (decimal 353)
   defining Unicode char U+0162 (decimal 354)
   defining Unicode char U+0163 (decimal 355)
   defining Unicode char U+0164 (decimal 356)
   defining Unicode char U+0165 (decimal 357)
   defining Unicode char U+016E (decimal 366)
   defining Unicode char U+016F (decimal 367)
   defining Unicode char U+0170 (decimal 368)
   defining Unicode char U+0171 (decimal 369)
   defining Unicode char U+0178 (decimal 376)
   defining Unicode char U+0179 (decimal 377)
   defining Unicode char U+017A (decimal 378)
   defining Unicode char U+017B (decimal 379)
   defining Unicode char U+017C (decimal 380)
   defining Unicode char U+017D (decimal 381)
   defining Unicode char U+017E (decimal 382)
   defining Unicode char U+200C (decimal 8204)
   defining Unicode char U+2013 (decimal 8211)
   defining Unicode char U+2014 (decimal 8212)
   defining Unicode char U+2018 (decimal 8216)
   defining Unicode char U+2019 (decimal 8217)
   defining Unicode char U+201A (decimal 8218)
   defining Unicode char U+201C (decimal 8220)
   defining Unicode char U+201D (decimal 8221)
   defining Unicode char U+201E (decimal 8222)
   defining Unicode char U+2030 (decimal 8240)
   defining Unicode char U+2031 (decimal 8241)
   defining Unicode char U+2039 (decimal 8249)
   defining Unicode char U+203A (decimal 8250)
   defining Unicode char U+2423 (decimal 9251)
)
Now handling font encoding OT1 ...
... processing UTF-8 mapping file for font encoding OT1

(/usr/share/texlive/texmf-dist/tex/latex/base/ot1enc.dfu
File: ot1enc.dfu 2008/04/05 v1.1m UTF-8 support for inputenc
   defining Unicode char U+00A1 (decimal 161)
   defining Unicode char U+00A3 (decimal 163)
   defining Unicode char U+00B8 (decimal 184)
   defining Unicode char U+00BF (decimal 191)
   defining Unicode char U+00C5 (decimal 197)
   defining Unicode char U+00C6 (decimal 198)
   defining Unicode char U+00D8 (decimal 216)
   defining Unicode char U+00DF (decimal 223)
   defining Unicode char U+00E6 (decimal 230)
   defining Unicode char U+00EC (decimal 236)
   defining Unicode char U+00ED (decimal 237)
   defining Unicode char U+00EE (decimal 238)
   defining Unicode char U+00EF (decimal 239)
   defining Unicode char U+00F8 (decimal 248)
   defining Unicode char U+0131 (decimal 305)
   defining Unicode char U+0141 (decimal 321)
   defining Unicode char U+0142 (decimal 322)
   defining Unicode char U+0152 (decimal 338)
   defining Unicode char U+0153 (decimal 339)
   defining Unicode char U+2013 (decimal 8211)
   defining Unicode char U+2014 (decimal 8212)
   defining Unicode char U+2018 (decimal 8216)
   defining Unicode char U+2019 (decimal 8217)
   defining Unicode char U+201C (decimal 8220)
   defining Unicode char U+201D (decimal 8221)
)
Now handling font encoding OMS ...
... processing UTF-8 mapping file for font encoding OMS

(/usr/share/texlive/texmf-dist/tex/latex/base/omsenc.dfu
File: omsenc.dfu 2008/04/05 v1.1m UTF-8 support for inputenc
   defining Unicode char U+00A7 (decimal 167)
   defining Unicode char U+00B6 (decimal 182)
   defining Unicode char U+00B7 (decimal 183)
   defining Unicode char U+2020 (decimal 8224)
   defining Unicode char U+2021 (decimal 8225)
   defining Unicode char U+2022 (decimal 8226)
)
Now handling font encoding OMX ...
... no UTF-8 mapping file for font encoding OMX
Now handling font encoding U ...
... no UTF-8 mapping file for font encoding U
   defining Unicode char U+00A9 (decimal 169)
   defining Unicode char U+00AA (decimal 170)
   defining Unicode char U+00AE (decimal 174)
   defining Unicode char U+00BA (decimal 186)
   defining Unicode char U+02C6 (decimal 710)
   defining Unicode char U+02DC (decimal 732)
   defining Unicode char U+200C (decimal 8204)
   defining Unicode char U+2026 (decimal 8230)
   defining Unicode char U+2122 (decimal 8482)
   defining Unicode char U+2423 (decimal 9251)
))
(/usr/share/texlive/texmf-dist/tex/latex/graphics/graphicx.sty
Package: graphicx 1999/02/16 v1.0f Enhanced LaTeX Graphics (DPC,SPQR)

(/usr/share/texlive/texmf-dist/tex/latex/graphics/graphics.sty
Package: graphics 2009/02/05 v1.0o Standard LaTeX Graphics (DPC,SPQR)

(/usr/share/texlive/texmf-dist/tex/latex/graphics/trig.sty
Package: trig 1999/03/16 v1.09 sin cos tan (DPC)
)
(/usr/share/texlive/texmf-dist/tex/latex/latexconfig/graphics.cfg
File: graphics.cfg 2010/04/23 v1.9 graphics configuration of TeX Live
)
Package graphics Info: Driver file: pdftex.def on input line 91.

(/usr/share/texlive/texmf-dist/tex/latex/pdftex-def/pdftex.def
File: pdftex.def 2011/05/27 v0.06d Graphics/color for pdfTeX

(/usr/share/texlive/texmf-dist/tex/generic/oberdiek/infwarerr.sty
Package: infwarerr 2010/04/08 v1.3 Providing info/warning/error messages (HO)
)
(/usr/share/texlive/texmf-dist/tex/generic/oberdiek/ltxcmds.sty
Package: ltxcmds 2011/11/09 v1.22 LaTeX kernel commands for general use (HO)
)
\Gread@gobject=\count90
))
\Gin@req@height=\dimen111
\Gin@req@width=\dimen112
)

! LaTeX Error: File `xcolor.sty' not found.

Type X to quit or <RETURN> to proceed,
or enter new name. (Default extension: sty)

Enter file name: 
(/usr/share/texlive/texmf-dist/tex/latex/listings/listings.sty
\lst@mode=\count91
\lst@gtempboxa=\box26
\lst@token=\toks18
\lst@length=\count92
\lst@currlwidth=\dimen113
\lst@column=\count93
\lst@pos=\count94
\lst@lostspace=\dimen114
\lst@width=\dimen115
\lst@newlines=\count95
\lst@lineno=\count96
\lst@maxwidth=\dimen116

(/usr/share/texlive/texmf-dist/tex/latex/listings/lstmisc.sty
File: lstmisc.sty 2013/08/26 1.5b (Carsten Heinz)
\c@lstnumber=\count97
\lst@skipnumbers=\count98
\lst@framebox=\box27
)
(/usr/share/texlive/texmf-dist/tex/latex/listings/listings.cfg
File: listings.cfg 2013/08/26 1.5b listings configuration
))
Package: listings 2013/08/26 1.5b (Carsten Heinz)

(/usr/share/texlive/texmf-dist/tex/latex/listings/lstlang1.sty
File: lstlang1.sty 2013/08/26 1.5b listings language file
)
(/usr/share/texlive/texmf-dist/tex/latex/listings/lstlang1.sty
File: lstlang1.sty 2013/08/26 1.5b listings language file
)
(/usr/share/texlive/texmf-dist/tex/latex/listings/lstmisc.sty
File: lstmisc.sty 2013/08/26 1.5b (Carsten Heinz)
) (./p3.aux)
\openout1 = `p3.aux'.

LaTeX Font Info:    Checking defaults for OML/cmm/m/it on input line 31.
LaTeX Font Info:    ... okay on input line 31.
LaTeX Font Info:    Checking defaults for T1/cmr/m/n on input line 31.
LaTeX Font Info:    ... okay on input line 31.
LaTeX Font Info:    Checking defaults for OT1/cmr/m/n on input line 31.
LaTeX Font Info:    ... okay on input line 31.
LaTeX Font Info:    Checking defaults for OMS/cmsy/m/n on input line 31.
LaTeX Font Info:    ... okay on input line 31.
LaTeX Font Info:    Checking defaults for OMX/cmex/m/n on input line 31.
LaTeX Font Info:    ... okay on input line 31.
LaTeX Font Info:    Checking defaults for U/cmr/m/n on input line 31.
LaTeX Font Info:    ... okay on input line 31.

*geometry* driver: auto-detecting
*geometry* detected driver: pdftex
*geometry* verbose mode - [ preamble ] result:
* driver: pdftex
* paper: <default>
* layout: <same size as paper>
* layoutoffset:(h,v)=(0.0pt,0.0pt)
* modes: 
* h-part:(L,W,R)=(56.9055pt, 500.484pt, 56.9055pt)
* v-part:(T,H,B)=(56.9055pt, 681.15898pt, 56.9055pt)
* \paperwidth=614.295pt
* \paperheight=794.96999pt
* \textwidth=500.484pt
* \textheight=681.15898pt
* \oddsidemargin=-15.36449pt
* \evensidemargin=-15.36449pt
* \topmargin=-52.36449pt
* \headheight=12.0pt
* \headsep=25.0pt
* \topskip=10.0pt
* \footskip=30.0pt
* \marginparwidth=65.0pt
* \marginparsep=11.0pt
* \columnsep=10.0pt
* \skip\footins=9.0pt plus 4.0pt minus 2.0pt
* \hoffset=0.0pt
* \voffset=0.0pt
* \mag=1000
* \@twocolumnfalse
* \@twosidefalse
* \@mparswitchfalse
* \@reversemarginfalse
* (1in=72.27pt=25.4mm, 1cm=28.453pt)

(/usr/share/texlive/texmf-dist/tex/context/base/supp-pdf.mkii
[Loading MPS to PDF converter (version 2006.09.02).]
\scratchcounter=\count99
\scratchdimen=\dimen117
\scratchbox=\box28
\nofMPsegments=\count100
\nofMParguments=\count101
\everyMPshowfont=\toks19
\MPscratchCnt=\count102
\MPscratchDim=\dimen118
\MPnumerator=\count103
\makeMPintoPDFobject=\count104
\everyMPtoPDFconversion=\toks20
) (/usr/share/texlive/texmf-dist/tex/generic/oberdiek/pdftexcmds.sty
Package: pdftexcmds 2011/11/29 v0.20 Utility functions of pdfTeX for LuaTeX (HO
)

(/usr/share/texlive/texmf-dist/tex/generic/oberdiek/ifluatex.sty
Package: ifluatex 2010/03/01 v1.3 Provides the ifluatex switch (HO)
Package ifluatex Info: LuaTeX not detected.
)
Package pdftexcmds Info: LuaTeX not detected.
Package pdftexcmds Info: \pdf@primitive is available.
Package pdftexcmds Info: \pdf@ifprimitive is available.
Package pdftexcmds Info: \pdfdraftmode found.
)
(/usr/share/texlive/texmf-dist/tex/latex/oberdiek/epstopdf-base.sty
Package: epstopdf-base 2010/02/09 v2.5 Base part for package epstopdf

(/usr/share/texlive/texmf-dist/tex/latex/oberdiek/grfext.sty
Package: grfext 2010/08/19 v1.1 Manage graphics extensions (HO)

(/usr/share/texlive/texmf-dist/tex/generic/oberdiek/kvdefinekeys.sty
Package: kvdefinekeys 2011/04/07 v1.3 Define keys (HO)
))
(/usr/share/texlive/texmf-dist/tex/latex/oberdiek/kvoptions.sty
Package: kvoptions 2011/06/30 v3.11 Key value format for package options (HO)

(/usr/share/texlive/texmf-dist/tex/generic/oberdiek/kvsetkeys.sty
Package: kvsetkeys 2012/04/25 v1.16 Key value parser (HO)

(/usr/share/texlive/texmf-dist/tex/generic/oberdiek/etexcmds.sty
Package: etexcmds 2011/02/16 v1.5 Avoid name clashes with e-TeX commands (HO)
Package etexcmds Info: Could not find \expanded.
(etexcmds)             That can mean that you are not using pdfTeX 1.50 or
(etexcmds)             that some package has redefined \expanded.
(etexcmds)             In the latter case, load this package earlier.
)))
Package grfext Info: Graphics extension search list:
(grfext)             [.png,.pdf,.jpg,.mps,.jpeg,.jbig2,.jb2,.PNG,.PDF,.JPG,.JPE
G,.JBIG2,.JB2,.eps]
(grfext)             \AppendGraphicsExtensions on input line 452.

(/usr/share/texlive/texmf-dist/tex/latex/latexconfig/epstopdf-sys.cfg
File: epstopdf-sys.cfg 2010/07/13 v1.3 Configuration of (r)epstopdf for TeX Liv
e
))
\c@lstlisting=\count105
LaTeX Font Info:    External font `cmex10' loaded for size
(Font)              <12> on input line 33.
LaTeX Font Info:    External font `cmex10' loaded for size
(Font)              <8> on input line 33.
LaTeX Font Info:    External font `cmex10' loaded for size
(Font)              <6> on input line 33.

(../autor.tex) (./e1.tex
! Misplaced alignment tab character &.
l.9   struct celda operator =(const struct celda&
                                                  c2)
? 
) (./e2.tex
LaTeX Font Info:    Font shape `OT1/cmtt/bx/n' in size <8> not available
(Font)              Font shape `OT1/cmtt/m/n' tried instead on input line 3.

! Undefined control sequence.
\lst@keywordstyle ->\bfseries \color 
                                     {green!40!black}
l.3 void 
         insercion(sCelda* cells , int i, int j)
? 
! Undefined control sequence.
\lst@thestyle ->\color 
                       {black}
l.3 void insercion(
                   sCelda* cells , int i, int j)
? 
! Undefined control sequence.
\lst@thestyle ->\color 
                       {black}
l.3 void insercion(sCelda* 
                           cells , int i, int j)
? 
! Undefined control sequence.
\lst@thestyle ->\color 
                       {black}
l.3 void insercion(sCelda* cells 
                                 , int i, int j)
? 
! Undefined control sequence.
\lst@keywordstyle ->\bfseries \color 
                                     {green!40!black}
l.3 void insercion(sCelda* cells , int 
                                       i, int j)
? 
! Undefined control sequence.
\lst@thestyle ->\color 
                       {black}
l.3 void insercion(sCelda* cells , int i,
                                          int j)
? 
! Undefined control sequence.
\lst@keywordstyle ->\bfseries \color 
                                     {green!40!black}
l.3 void insercion(sCelda* cells , int i, int 
                                              j)
? 
! Undefined control sequence.
\lst@thestyle ->\color 
                       {black}
l.3 void insercion(sCelda* cells , int i, int j)
                                                
? 
! Undefined control sequence.
\lst@keywordstyle ->\bfseries \color 
                                     {green!40!black}
l.5   for(
          int k = i + 1; k <= j; k++)
? 
! Undefined control sequence.
\lst@keywordstyle ->\bfseries \color 
                                     {green!40!black}
l.5   for(int 
              k = i + 1; k <= j; k++)
? 
! Undefined control sequence.
\lst@thestyle ->\color 
                       {black}
l.5   for(int k 
                = i + 1; k <= j; k++)
? 
! Undefined control sequence.
\lst@thestyle ->\color 
                       {black}
l.5   for(int k = i 
                    + 1; k <= j; k++)
? 
! Undefined control sequence.
\lst@thestyle ->\color 
                       {black}
l.5   for(int k = i + 1; k 
                           <= j; k++)
? 
! Undefined control sequence.
\lst@thestyle ->\color 
                       {black}
l.5   for(int k = i + 1; k <= j;
                                 k++)
? 
! Undefined control sequence.
\lst@thestyle ->\color 
                       {black}
l.5   for(int k = i + 1; k <= j; k+
                                   +)
? 
! Undefined control sequence.
\lst@thestyle ->\color 
                       {black}
l.7     sCelda 
               tmp = cells[k];
? 
! Undefined control sequence.
\lst@thestyle ->\color 
                       {black}
l.7     sCelda tmp 
                   = cells[k];
? 
! Undefined control sequence.
\lst@thestyle ->\color 
                       {black}
l.7     sCelda tmp = cells[
                           k];
? 
! Undefined control sequence.
\lst@thestyle ->\color 
                       {black}
l.7     sCelda tmp = cells[k]
                             ;
? 
! Undefined control sequence.
\lst@keywordstyle ->\bfseries \color 
                                     {green!40!black}
l.8     int 
            l = k;
? 
! Undefined control sequence.
\lst@thestyle ->\color 
                       {black}
l.8     int l 
              = k;
? 
! Undefined control sequence.
\lst@thestyle ->\color 
                       {black}
l.8     int l = k;
                  
? 
! Undefined control sequence.
\lst@keywordstyle ->\bfseries \color 
                                     {green!40!black}
l.9     while(
              (l > i) && (cells[l] < cells[l - 1]))
? 
! Undefined control sequence.
\lst@thestyle ->\color 
                       {black}
l.9     while((l 
                 > i) && (cells[l] < cells[l - 1]))
? 
! Undefined control sequence.
\lst@thestyle ->\color 
                       {black}
l.9     while((l > i)
                      && (cells[l] < cells[l - 1]))
? 
! Undefined control sequence.
\lst@thestyle ->\color 
                       {black}
l.9     while((l > i) && (cells[
                                l] < cells[l - 1]))
? 
! Undefined control sequence.
\lst@thestyle ->\color 
                       {black}
l.9     while((l > i) && (cells[l]
                                   < cells[l - 1]))
? 
! Undefined control sequence.
\lst@thestyle ->\color 
                       {black}
l.9     while((l > i) && (cells[l] < cells[
                                           l - 1]))
? 
! Undefined control sequence.
\lst@thestyle ->\color 
                       {black}
l.9     while((l > i) && (cells[l] < cells[l 
                                             - 1]))
? 
! Undefined control sequence.
\lst@thestyle ->\color 
                       {black}
l.11       cells[
                 l] = cells[l - 1];
? 
! Undefined control sequence.
\lst@thestyle ->\color 
                       {black}
l.11       cells[l]
                    = cells[l - 1];
? 
! Undefined control sequence.
\lst@thestyle ->\color 
                       {black}
l.11       cells[l] = cells[
                            l - 1];
? 
! Undefined control sequence.
\lst@thestyle ->\color 
                       {black}
l.11       cells[l] = cells[l 
                              - 1];
? 
! Undefined control sequence.
\lst@thestyle ->\color 
                       {black}
l.12       l-
             -;
? 
! Undefined control sequence.
\lst@thestyle ->\color 
                       {black}
l.14     cells[
               l] = tmp;
? 
! Undefined control sequence.
\lst@thestyle ->\color 
                       {black}
l.14     cells[l]
                  = tmp;
? 
! Undefined control sequence.
\lst@thestyle ->\color 
                       {black}
l.14     cells[l] = tmp;
                        
? 
! Undefined control sequence.
\lst@keywordstyle ->\bfseries \color 
                                     {green!40!black}
l.18 void 
          fusion(sCelda* v, int i, int k, int j)
? 
! Undefined control sequence.
\lst@thestyle ->\color 
                       {black}
l.18 void fusion(
                 sCelda* v, int i, int k, int j)
? 
! Undefined control sequence.
\lst@thestyle ->\color 
                       {black}
l.18 void fusion(sCelda* 
                         v, int i, int k, int j)
? 
! Undefined control sequence.
\lst@thestyle ->\color 
                       {black}
l.18 void fusion(sCelda* v,
                            int i, int k, int j)
? 
! Undefined control sequence.
\lst@keywordstyle ->\bfseries \color 
                                     {green!40!black}
l.18 void fusion(sCelda* v, int 
                                i, int k, int j)
? 
! Undefined control sequence.
\lst@thestyle ->\color 
                       {black}
l.18 void fusion(sCelda* v, int i,
                                   int k, int j)
? 
! Undefined control sequence.
\lst@keywordstyle ->\bfseries \color 
                                     {green!40!black}
l.18 void fusion(sCelda* v, int i, int 
                                       k, int j)
? 
! Undefined control sequence.
\lst@thestyle ->\color 
                       {black}
l.18 void fusion(sCelda* v, int i, int k,
                                          int j)
? 
! Undefined control sequence.
\lst@keywordstyle ->\bfseries \color 
                                     {green!40!black}
l.18 void fusion(sCelda* v, int i, int k, int 
                                              j)
? 
! Undefined control sequence.
\lst@thestyle ->\color 
                       {black}
l.18 void fusion(sCelda* v, int i, int k, int j)
                                                
? 
! Undefined control sequence.
\lst@keywordstyle ->\bfseries \color 
                                     {green!40!black}
l.20   int 
           n = j - i + 1;
? 
! Undefined control sequence.
\lst@thestyle ->\color 
                       {black}
l.20   int n 
             = j - i + 1;
? 
! Undefined control sequence.
\lst@thestyle ->\color 
                       {black}
l.20   int n = j 
                 - i + 1;
? 
! Undefined control sequence.
\lst@thestyle ->\color 
                       {black}
l.20   int n = j - i 
                     + 1;
? 
! Undefined control sequence.
\lst@keywordstyle ->\bfseries \color 
                                     {green!40!black}
l.21   int 
           p = i;
? 
! Undefined control sequence.
\lst@thestyle ->\color 
                       {black}
l.21   int p 
             = i;
? 
! Undefined control sequence.
\lst@thestyle ->\color 
                       {black}
l.21   int p = i;
                 
? 
! Undefined control sequence.
\lst@keywordstyle ->\bfseries \color 
                                     {green!40!black}
l.22   int 
           q = k + 1;
? 
! Undefined control sequence.
\lst@thestyle ->\color 
                       {black}
l.22   int q 
             = k + 1;
? 
! Undefined control sequence.
\lst@thestyle ->\color 
                       {black}
l.22   int q = k 
                 + 1;
? 
! Undefined control sequence.
\lst@thestyle ->\color 
                       {black}
l.24   sCelda 
              w[n];
? 
! Undefined control sequence.
\lst@thestyle ->\color 
                       {black}
l.24   sCelda w[
                n];
? 
! Undefined control sequence.
\lst@thestyle ->\color 
                       {black}
l.24   sCelda w[n]
                  ;
? 
! Undefined control sequence.
\lst@keywordstyle ->\bfseries \color 
                                     {green!40!black}
l.26   for(
           int l = 0; l <= n; l++)
? 
! Undefined control sequence.
\lst@keywordstyle ->\bfseries \color 
                                     {green!40!black}
l.26   for(int 
               l = 0; l <= n; l++)
? 
! Undefined control sequence.
\lst@thestyle ->\color 
                       {black}
l.26   for(int l 
                 = 0; l <= n; l++)
? 
! Undefined control sequence.
\lst@thestyle ->\color 
                       {black}
l.26   for(int l = 0; l 
                        <= n; l++)
? 
! Undefined control sequence.
\lst@thestyle ->\color 
                       {black}
l.26   for(int l = 0; l <= n;
                              l++)
? 
! Undefined control sequence.
\lst@thestyle ->\color 
                       {black}
l.26   for(int l = 0; l <= n; l+
                                +)
? 
! Undefined control sequence.
\lst@keywordstyle ->\bfseries \color 
                                     {green!40!black}
l.28     if(
            p <= k && (q > j || v[p].punt <= v[q].punt))
? 
! Undefined control sequence.
\lst@thestyle ->\color 
                       {black}
l.28     if(p 
              <= k && (q > j || v[p].punt <= v[q].punt))
? 
! Undefined control sequence.
\lst@thestyle ->\color 
                       {black}
l.28     if(p <= k 
                   && (q > j || v[p].punt <= v[q].punt))
? 
! Undefined control sequence.
\lst@thestyle ->\color 
                       {black}
l.28     if(p <= k && (q 
                         > j || v[p].punt <= v[q].punt))
? 
! Undefined control sequence.
\lst@thestyle ->\color 
                       {black}
l.28     if(p <= k && (q > j 
                             || v[p].punt <= v[q].punt))
? 
! Undefined control sequence.
\lst@thestyle ->\color 
                       {black}
l.28     if(p <= k && (q > j || v[
                                  p].punt <= v[q].punt))
? 
! Undefined control sequence.
\lst@thestyle ->\color 
                       {black}
l.28     if(p <= k && (q > j || v[p]
                                    .punt <= v[q].punt))
? 
! Undefined control sequence.
\lst@thestyle ->\color 
                       {black}
l.28     if(p <= k && (q > j || v[p].punt 
                                          <= v[q].punt))
? 
! Undefined control sequence.
\lst@thestyle ->\color 
                       {black}
l.28     if(p <= k && (q > j || v[p].punt <= v[
                                               q].punt))
? 
! Undefined control sequence.
\lst@thestyle ->\color 
                       {black}
l.28     if(p <= k && (q > j || v[p].punt <= v[q]
                                                 .punt))
? 
! Undefined control sequence.
\lst@thestyle ->\color 
                       {black}
l.28 ... <= k && (q > j || v[p].punt <= v[q].punt)
                                                  )
? 
! Undefined control sequence.
\lst@thestyle ->\color 
                       {black}
l.30       w[
             l] = v[p];
? 
! Undefined control sequence.
\lst@thestyle ->\color 
                       {black}
l.30       w[l]
                = v[p];
? 
! Undefined control sequence.
\lst@thestyle ->\color 
                       {black}
l.30       w[l] = v[
                    p];
? 
! Undefined control sequence.
\lst@thestyle ->\color 
                       {black}
l.30       w[l] = v[p]
                      ;
? 
! Undefined control sequence.
\lst@thestyle ->\color 
                       {black}
l.31       p+
             +;
? 
! Undefined control sequence.
\lst@keywordstyle ->\bfseries \color 
                                     {green!40!black}
l.33     else
             
? 
! Undefined control sequence.
\lst@thestyle ->\color 
                       {black}
l.35       w[
             l] = v[q];
? 
! Undefined control sequence.
\lst@thestyle ->\color 
                       {black}
l.35       w[l]
                = v[q];
? 
! Undefined control sequence.
\lst@thestyle ->\color 
                       {black}
l.35       w[l] = v[
                    q];
? 
! Undefined control sequence.
\lst@thestyle ->\color 
                       {black}
l.35       w[l] = v[q]
                      ;
? 
! Undefined control sequence.
\lst@thestyle ->\color 
                       {black}
l.36       q+
             +;
? 
! Undefined control sequence.
\lst@keywordstyle ->\bfseries \color 
                                     {green!40!black}
l.39   for(
           int l = 0; l < n; l++)
? 
! Undefined control sequence.
\lst@keywordstyle ->\bfseries \color 
                                     {green!40!black}
l.39   for(int 
               l = 0; l < n; l++)
? 
! Undefined control sequence.
\lst@thestyle ->\color 
                       {black}
l.39   for(int l 
                 = 0; l < n; l++)
? 
! Undefined control sequence.
\lst@thestyle ->\color 
                       {black}
l.39   for(int l = 0; l 
                        < n; l++)
? 
! Undefined control sequence.
\lst@thestyle ->\color 
                       {black}
l.39   for(int l = 0; l < n;
                             l++)
? 
! Undefined control sequence.
\lst@thestyle ->\color 
                       {black}
l.39   for(int l = 0; l < n; l+
                               +)
? 
[1

{/var/lib/texmf/fonts/map/pdftex/updmap/pdftex.map}]
! Undefined control sequence.
\lst@thestyle ->\color 
                       {black}
l.41     v[
           i + l] = w[l];
? 
! Undefined control sequence.
\lst@thestyle ->\color 
                       {black}
l.41     v[i 
             + l] = w[l];
? 
! Undefined control sequence.
\lst@thestyle ->\color 
                       {black}
l.41     v[i + l]
                  = w[l];
? 
! Undefined control sequence.
\lst@thestyle ->\color 
                       {black}
l.41     v[i + l] = w[
                      l];
? 
! Undefined control sequence.
\lst@thestyle ->\color 
                       {black}
l.41     v[i + l] = w[l]
                        ;
? 
! Undefined control sequence.
\lst@keywordstyle ->\bfseries \color 
                                     {green!40!black}
l.44 void 
          ordfusion(sCelda* v, int i , int j)
? 
! Undefined control sequence.
\lst@thestyle ->\color 
                       {black}
l.44 void ordfusion(
                    sCelda* v, int i , int j)
? 
! Undefined control sequence.
\lst@thestyle ->\color 
                       {black}
l.44 void ordfusion(sCelda* 
                            v, int i , int j)
? 
! Undefined control sequence.
\lst@thestyle ->\color 
                       {black}
l.44 void ordfusion(sCelda* v,
                               int i , int j)
? 
! Undefined control sequence.
\lst@keywordstyle ->\bfseries \color 
                                     {green!40!black}
l.44 void ordfusion(sCelda* v, int 
                                   i , int j)
? 
! Undefined control sequence.
\lst@thestyle ->\color 
                       {black}
l.44 void ordfusion(sCelda* v, int i 
                                     , int j)
? 
! Undefined control sequence.
\lst@keywordstyle ->\bfseries \color 
                                     {green!40!black}
l.44 void ordfusion(sCelda* v, int i , int 
                                           j)
? 
! Undefined control sequence.
\lst@thestyle ->\color 
                       {black}
l.44 void ordfusion(sCelda* v, int i , int j)
                                             
? 
! Undefined control sequence.
\lst@keywordstyle ->\bfseries \color 
                                     {green!40!black}
l.46   int 
           n = j - i + 1;
? 
! Undefined control sequence.
\lst@thestyle ->\color 
                       {black}
l.46   int n 
             = j - i + 1;
? 
! Undefined control sequence.
\lst@thestyle ->\color 
                       {black}
l.46   int n = j 
                 - i + 1;
? 
! Undefined control sequence.
\lst@thestyle ->\color 
                       {black}
l.46   int n = j - i 
                     + 1;
? 
! Undefined control sequence.
\lst@keywordstyle ->\bfseries \color 
                                     {green!40!black}
l.47   if(
          n <= 2)
? 
! Undefined control sequence.
\lst@thestyle ->\color 
                       {black}
l.47   if(n 
            <= 2)
? 
! Undefined control sequence.
\lst@thestyle ->\color 
                       {black}
l.49     insercion(
                   v,i,j);
? 
! Undefined control sequence.
\lst@thestyle ->\color 
                       {black}
l.49     insercion(v,
                     i,j);
? 
! Undefined control sequence.
\lst@thestyle ->\color 
                       {black}
l.49     insercion(v,i,
                       j);
? 
! Undefined control sequence.
\lst@thestyle ->\color 
                       {black}
l.49     insercion(v,i,j)
                         ;
? 
! Undefined control sequence.
\lst@keywordstyle ->\bfseries \color 
                                     {green!40!black}
l.51   else
           
? 
! Undefined control sequence.
\lst@keywordstyle ->\bfseries \color 
                                     {green!40!black}
l.53     int 
             k = i - 1 + n/2;
? 
! Undefined control sequence.
\lst@thestyle ->\color 
                       {black}
l.53     int k 
               = i - 1 + n/2;
? 
! Undefined control sequence.
\lst@thestyle ->\color 
                       {black}
l.53     int k = i 
                   - 1 + n/2;
? 
! Undefined control sequence.
\lst@thestyle ->\color 
                       {black}
l.53     int k = i - 1 + n/2
                            ;
? 
! Undefined control sequence.
\lst@thestyle ->\color 
                       {black}
l.54     ordfusion(
                   v,i,k);
? 
! Undefined control sequence.
\lst@thestyle ->\color 
                       {black}
l.54     ordfusion(v,
                     i,k);
? 
! Undefined control sequence.
\lst@thestyle ->\color 
                       {black}
l.54     ordfusion(v,i,
                       k);
? 
! Undefined control sequence.
\lst@thestyle ->\color 
                       {black}
l.54     ordfusion(v,i,k)
                         ;
? 
! Undefined control sequence.
\lst@thestyle ->\color 
                       {black}
l.55     ordfusion(
                   v,k+1,j);
? 
! Undefined control sequence.
\lst@thestyle ->\color 
                       {black}
l.55     ordfusion(v,
                     k+1,j);
? 
! Undefined control sequence.
\lst@thestyle ->\color 
                       {black}
l.55     ordfusion(v,k+
                       1,j);
? 
! Undefined control sequence.
\lst@thestyle ->\color 
                       {black}
l.55     ordfusion(v,k+1,j)
                           ;
? 
! Undefined control sequence.
\lst@thestyle ->\color 
                       {black}
l.56     fusion(
                v,i,k,j);
? 
! Undefined control sequence.
\lst@thestyle ->\color 
                       {black}
l.56     fusion(v,
                  i,k,j);
? 
! Undefined control sequence.
\lst@thestyle ->\color 
                       {black}
l.56     fusion(v,i,
                    k,j);
? 
! Undefined control sequence.
\lst@thestyle ->\color 
                       {black}
l.56     fusion(v,i,k,
                      j);
? 
! Undefined control sequence.
\lst@thestyle ->\color 
                       {black}
l.56     fusion(v,i,k,j)
                        ;
? 
) (./e3.tex
! Undefined control sequence.
\lst@keywordstyle ->\bfseries \color 
                                     {green!40!black}
l.3 void 
         insercion(sCelda* cells , int i, int j)
? 
! Undefined control sequence.
\lst@thestyle ->\color 
                       {black}
l.3 void insercion(
                   sCelda* cells , int i, int j)
? 
! Undefined control sequence.
\lst@thestyle ->\color 
                       {black}
l.3 void insercion(sCelda* 
                           cells , int i, int j)
? 
! Undefined control sequence.
\lst@thestyle ->\color 
                       {black}
l.3 void insercion(sCelda* cells 
                                 , int i, int j)
? 
! Undefined control sequence.
\lst@keywordstyle ->\bfseries \color 
                                     {green!40!black}
l.3 void insercion(sCelda* cells , int 
                                       i, int j)
? 
! Undefined control sequence.
\lst@thestyle ->\color 
                       {black}
l.3 void insercion(sCelda* cells , int i,
                                          int j)
? 
! Undefined control sequence.
\lst@keywordstyle ->\bfseries \color 
                                     {green!40!black}
l.3 void insercion(sCelda* cells , int i, int 
                                              j)
? 
! Undefined control sequence.
\lst@thestyle ->\color 
                       {black}
l.3 void insercion(sCelda* cells , int i, int j)
                                                
? 
! Undefined control sequence.
\lst@keywordstyle ->\bfseries \color 
                                     {green!40!black}
l.5   for(
          int k = i + 1; k <= j; k++)
? 
! Undefined control sequence.
\lst@keywordstyle ->\bfseries \color 
                                     {green!40!black}
l.5   for(int 
              k = i + 1; k <= j; k++)
? 
! Undefined control sequence.
\lst@thestyle ->\color 
                       {black}
l.5   for(int k 
                = i + 1; k <= j; k++)
? 
! Undefined control sequence.
\lst@thestyle ->\color 
                       {black}
l.5   for(int k = i 
                    + 1; k <= j; k++)
? 
! Undefined control sequence.
\lst@thestyle ->\color 
                       {black}
l.5   for(int k = i + 1; k 
                           <= j; k++)
? 
! Undefined control sequence.
\lst@thestyle ->\color 
                       {black}
l.5   for(int k = i + 1; k <= j;
                                 k++)
? 
! Undefined control sequence.
\lst@thestyle ->\color 
                       {black}
l.5   for(int k = i + 1; k <= j; k+
                                   +)
? 
! Undefined control sequence.
\lst@thestyle ->\color 
                       {black}
l.7     sCelda 
               tmp = cells[k];
? 
! Undefined control sequence.
\lst@thestyle ->\color 
                       {black}
l.7     sCelda tmp 
                   = cells[k];
? 
! Undefined control sequence.
\lst@thestyle ->\color 
                       {black}
l.7     sCelda tmp = cells[
                           k];
? 
! Undefined control sequence.
\lst@thestyle ->\color 
                       {black}
l.7     sCelda tmp = cells[k]
                             ;
? 
! Undefined control sequence.
\lst@keywordstyle ->\bfseries \color 
                                     {green!40!black}
l.8     int 
            l = k;
? 
! Undefined control sequence.
\lst@thestyle ->\color 
                       {black}
l.8     int l 
              = k;
? 
! Undefined control sequence.
\lst@thestyle ->\color 
                       {black}
l.8     int l = k;
                  
? 
! Undefined control sequence.
\lst@keywordstyle ->\bfseries \color 
                                     {green!40!black}
l.9     while(
              (l > i) && (cells[l] < cells[l - 1]))
? 
! Undefined control sequence.
\lst@thestyle ->\color 
                       {black}
l.9     while((l 
                 > i) && (cells[l] < cells[l - 1]))
? 
! Undefined control sequence.
\lst@thestyle ->\color 
                       {black}
l.9     while((l > i)
                      && (cells[l] < cells[l - 1]))
? 
! Undefined control sequence.
\lst@thestyle ->\color 
                       {black}
l.9     while((l > i) && (cells[
                                l] < cells[l - 1]))
? 
! Undefined control sequence.
\lst@thestyle ->\color 
                       {black}
l.9     while((l > i) && (cells[l]
                                   < cells[l - 1]))
? 
! Undefined control sequence.
\lst@thestyle ->\color 
                       {black}
l.9     while((l > i) && (cells[l] < cells[
                                           l - 1]))
? 
! Undefined control sequence.
\lst@thestyle ->\color 
                       {black}
l.9     while((l > i) && (cells[l] < cells[l 
                                             - 1]))
? 
! Undefined control sequence.
\lst@thestyle ->\color 
                       {black}
l.11       cells[
                 l] = cells[l - 1];
? 
! Undefined control sequence.
\lst@thestyle ->\color 
                       {black}
l.11       cells[l]
                    = cells[l - 1];
? 
! Undefined control sequence.
\lst@thestyle ->\color 
                       {black}
l.11       cells[l] = cells[
                            l - 1];
? 
! Undefined control sequence.
\lst@thestyle ->\color 
                       {black}
l.11       cells[l] = cells[l 
                              - 1];
? 
! Undefined control sequence.
\lst@thestyle ->\color 
                       {black}
l.12       l-
             -;
? 
! Undefined control sequence.
\lst@thestyle ->\color 
                       {black}
l.14     cells[
               l] = tmp;
? 
! Undefined control sequence.
\lst@thestyle ->\color 
                       {black}
l.14     cells[l]
                  = tmp;
? 
! Undefined control sequence.
\lst@thestyle ->\color 
                       {black}
l.14     cells[l] = tmp;
                        
? 
! Undefined control sequence.
\lst@keywordstyle ->\bfseries \color 
                                     {green!40!black}
l.18 int 
         pivote(sCelda* v, int i , int j)
? 
! Undefined control sequence.
\lst@thestyle ->\color 
                       {black}
l.18 int pivote(
                sCelda* v, int i , int j)
? 
! Undefined control sequence.
\lst@thestyle ->\color 
                       {black}
l.18 int pivote(sCelda* 
                        v, int i , int j)
? 
! Undefined control sequence.
\lst@thestyle ->\color 
                       {black}
l.18 int pivote(sCelda* v,
                           int i , int j)
? 
! Undefined control sequence.
\lst@keywordstyle ->\bfseries \color 
                                     {green!40!black}
l.18 int pivote(sCelda* v, int 
                               i , int j)
? 
! Undefined control sequence.
\lst@thestyle ->\color 
                       {black}
l.18 int pivote(sCelda* v, int i 
                                 , int j)
? 
! Undefined control sequence.
\lst@keywordstyle ->\bfseries \color 
                                     {green!40!black}
l.18 int pivote(sCelda* v, int i , int 
                                       j)
? 
! Undefined control sequence.
\lst@thestyle ->\color 
                       {black}
l.18 int pivote(sCelda* v, int i , int j)
                                         
? 
! Undefined control sequence.
\lst@keywordstyle ->\bfseries \color 
                                     {green!40!black}
l.20   int 
           p = i;
? 
! Undefined control sequence.
\lst@thestyle ->\color 
                       {black}
l.20   int p 
             = i;
? 
! Undefined control sequence.
\lst@thestyle ->\color 
                       {black}
l.20   int p = i;
                 
? 
! Undefined control sequence.
\lst@thestyle ->\color 
                       {black}
l.21   sCelda 
              tmp = v[i];
? 
! Undefined control sequence.
\lst@thestyle ->\color 
                       {black}
l.21   sCelda tmp 
                  = v[i];
? 
! Undefined control sequence.
\lst@thestyle ->\color 
                       {black}
l.21   sCelda tmp = v[
                      i];
? 
! Undefined control sequence.
\lst@thestyle ->\color 
                       {black}
l.21   sCelda tmp = v[i]
                        ;
? 
! Undefined control sequence.
\lst@thestyle ->\color 
                       {black}
l.22   sCelda 
              aux;
? 
! Undefined control sequence.
\lst@thestyle ->\color 
                       {black}
l.22   sCelda aux;
                  
? 
! Undefined control sequence.
\lst@keywordstyle ->\bfseries \color 
                                     {green!40!black}
l.23   for(
           int k = i + 1; k <= j; k++)
? 
! Undefined control sequence.
\lst@keywordstyle ->\bfseries \color 
                                     {green!40!black}
l.23   for(int 
               k = i + 1; k <= j; k++)
? 
! Undefined control sequence.
\lst@thestyle ->\color 
                       {black}
l.23   for(int k 
                 = i + 1; k <= j; k++)
? 
! Undefined control sequence.
\lst@thestyle ->\color 
                       {black}
l.23   for(int k = i 
                     + 1; k <= j; k++)
? 
! Undefined control sequence.
\lst@thestyle ->\color 
                       {black}
l.23   for(int k = i + 1; k 
                            <= j; k++)
? 
! Undefined control sequence.
\lst@thestyle ->\color 
                       {black}
l.23   for(int k = i + 1; k <= j;
                                  k++)
? 
! Undefined control sequence.
\lst@thestyle ->\color 
                       {black}
l.23   for(int k = i + 1; k <= j; k+
                                    +)
? 
! Undefined control sequence.
\lst@keywordstyle ->\bfseries \color 
                                     {green!40!black}
l.25     if(
            v[k].punt <= tmp.punt)
? 
! Undefined control sequence.
\lst@thestyle ->\color 
                       {black}
l.25     if(v[
              k].punt <= tmp.punt)
? 
! Undefined control sequence.
\lst@thestyle ->\color 
                       {black}
l.25     if(v[k]
                .punt <= tmp.punt)
? 
! Undefined control sequence.
\lst@thestyle ->\color 
                       {black}
l.25     if(v[k].punt 
                      <= tmp.punt)
? 
! Undefined control sequence.
\lst@thestyle ->\color 
                       {black}
l.25     if(v[k].punt <= tmp.
                             punt)
? 
! Undefined control sequence.
\lst@thestyle ->\color 
                       {black}
l.25     if(v[k].punt <= tmp.punt)
                                  
? 
! Undefined control sequence.
\lst@thestyle ->\color 
                       {black}
l.27       p+
             +;
? 
! Undefined control sequence.
\lst@thestyle ->\color 
                       {black}
l.28       aux 
               = v[p];
? 
! Undefined control sequence.
\lst@thestyle ->\color 
                       {black}
l.28       aux = v[
                   p];
? 
! Undefined control sequence.
\lst@thestyle ->\color 
                       {black}
l.28       aux = v[p]
                     ;
? 
! Undefined control sequence.
\lst@thestyle ->\color 
                       {black}
l.29       v[
             p] = v[k];
? 
! Undefined control sequence.
\lst@thestyle ->\color 
                       {black}
l.29       v[p]
                = v[k];
? 
! Undefined control sequence.
\lst@thestyle ->\color 
                       {black}
l.29       v[p] = v[
                    k];
? 
! Undefined control sequence.
\lst@thestyle ->\color 
                       {black}
l.29       v[p] = v[k]
                      ;
? 
! Undefined control sequence.
\lst@thestyle ->\color 
                       {black}
l.30       v[
             k] = aux;
? 
! Undefined control sequence.
\lst@thestyle ->\color 
                       {black}
l.30       v[k]
                = aux;
? 
! Undefined control sequence.
\lst@thestyle ->\color 
                       {black}
l.30       v[k] = aux;
                      
? 
! Undefined control sequence.
\lst@thestyle ->\color 
                       {black}
l.33   v[
         i] = v[p];
? 
! Undefined control sequence.
\lst@thestyle ->\color 
                       {black}
l.33   v[i]
            = v[p];
? 
! Undefined control sequence.
\lst@thestyle ->\color 
                       {black}
l.33   v[i] = v[
                p];
? 
! Undefined control sequence.
\lst@thestyle ->\color 
                       {black}
l.33   v[i] = v[p]
                  ;
? 
! Undefined control sequence.
\lst@thestyle ->\color 
                       {black}
l.34   v[
         p] = tmp;
? 
! Undefined control sequence.
\lst@thestyle ->\color 
                       {black}
l.34   v[p]
            = tmp;
? 
! Undefined control sequence.
\lst@thestyle ->\color 
                       {black}
l.34   v[p] = tmp;
                  
? 
! Undefined control sequence.
\lst@keywordstyle ->\bfseries \color 
                                     {green!40!black}
l.35   return 
              p;
? 
! Undefined control sequence.
\lst@thestyle ->\color 
                       {black}
l.35   return p;
                
? 
! Undefined control sequence.
\lst@keywordstyle ->\bfseries \color 
                                     {green!40!black}
l.38 void 
          ordrapida(sCelda* v, int i, int j)
? 
! Undefined control sequence.
\lst@thestyle ->\color 
                       {black}
l.38 void ordrapida(
                    sCelda* v, int i, int j)
? 
! Undefined control sequence.
\lst@thestyle ->\color 
                       {black}
l.38 void ordrapida(sCelda* 
                            v, int i, int j)
? 
! Undefined control sequence.
\lst@thestyle ->\color 
                       {black}
l.38 void ordrapida(sCelda* v,
                               int i, int j)
? 
! Undefined control sequence.
\lst@keywordstyle ->\bfseries \color 
                                     {green!40!black}
l.38 void ordrapida(sCelda* v, int 
                                   i, int j)
? 
! Undefined control sequence.
\lst@thestyle ->\color 
                       {black}
l.38 void ordrapida(sCelda* v, int i,
                                      int j)
? 
! Undefined control sequence.
\lst@keywordstyle ->\bfseries \color 
                                     {green!40!black}
l.38 void ordrapida(sCelda* v, int i, int 
                                          j)
? 
! Undefined control sequence.
\lst@thestyle ->\color 
                       {black}
l.38 void ordrapida(sCelda* v, int i, int j)
                                            
? 
! Undefined control sequence.
\lst@keywordstyle ->\bfseries \color 
                                     {green!40!black}
l.40   int 
           n = j - i + 1;
? 
! Undefined control sequence.
\lst@thestyle ->\color 
                       {black}
l.40   int n 
             = j - i + 1;
? 
! Undefined control sequence.
\lst@thestyle ->\color 
                       {black}
l.40   int n = j 
                 - i + 1;
? 
! Undefined control sequence.
\lst@thestyle ->\color 
                       {black}
l.40   int n = j - i 
                     + 1;
? 
! Undefined control sequence.
\lst@keywordstyle ->\bfseries \color 
                                     {green!40!black}
l.41   if(
          n <= 2)
? 
! Undefined control sequence.
\lst@thestyle ->\color 
                       {black}
l.41   if(n 
            <= 2)
? 
! Undefined control sequence.
\lst@thestyle ->\color 
                       {black}
l.43     insercion(
                   v,i,j);
? 
! Undefined control sequence.
\lst@thestyle ->\color 
                       {black}
l.43     insercion(v,
                     i,j);
? 
! Undefined control sequence.
\lst@thestyle ->\color 
                       {black}
l.43     insercion(v,i,
                       j);
? 
! Undefined control sequence.
\lst@thestyle ->\color 
                       {black}
l.43     insercion(v,i,j)
                         ;
? 
[2]
! Undefined control sequence.
\lst@keywordstyle ->\bfseries \color 
                                     {green!40!black}
l.45   else
           
? 
! Undefined control sequence.
\lst@keywordstyle ->\bfseries \color 
                                     {green!40!black}
l.47     int 
             p = pivote(v,i,j);
? 
! Undefined control sequence.
\lst@thestyle ->\color 
                       {black}
l.47     int p 
               = pivote(v,i,j);
? 
! Undefined control sequence.
\lst@thestyle ->\color 
                       {black}
l.47     int p = pivote(
                        v,i,j);
? 
! Undefined control sequence.
\lst@thestyle ->\color 
                       {black}
l.47     int p = pivote(v,
                          i,j);
? 
! Undefined control sequence.
\lst@thestyle ->\color 
                       {black}
l.47     int p = pivote(v,i,
                            j);
? 
! Undefined control sequence.
\lst@thestyle ->\color 
                       {black}
l.47     int p = pivote(v,i,j)
                              ;
? 
! Undefined control sequence.
\lst@thestyle ->\color 
                       {black}
l.48     ordrapida(
                   v,i,p-1);
? 
! Undefined control sequence.
\lst@thestyle ->\color 
                       {black}
l.48     ordrapida(v,
                     i,p-1);
? 
! Undefined control sequence.
\lst@thestyle ->\color 
                       {black}
l.48     ordrapida(v,i,
                       p-1);
? 
! Undefined control sequence.
\lst@thestyle ->\color 
                       {black}
l.48     ordrapida(v,i,p-
                         1);
? 
! Undefined control sequence.
\lst@thestyle ->\color 
                       {black}
l.49     ordrapida(
                   v,p+1,j);
? 
! Undefined control sequence.
\lst@thestyle ->\color 
                       {black}
l.49     ordrapida(v,
                     p+1,j);
? 
! Undefined control sequence.
\lst@thestyle ->\color 
                       {black}
l.49     ordrapida(v,p+
                       1,j);
? 
! Undefined control sequence.
\lst@thestyle ->\color 
                       {black}
l.49     ordrapida(v,p+1,j)
                           ;
? 
) (./e4.tex
! Undefined control sequence.
\lst@keywordstyle ->\bfseries \color 
                                     {green!40!black}
l.3 void 
         DEF_LIB_EXPORTED placeDefenses3(bool** freeCells, int nCellsWidth, ...

? 
! Undefined control sequence.
\lst@thestyle ->\color 
                       {black}
l.3 void DEF_LIB_EXPORTED 
                          placeDefenses3(bool** freeCells, int nCellsWidth, ...

? 
! Undefined control sequence.
\lst@thestyle ->\color 
                       {black}
l.3 void DEF_LIB_EXPORTED placeDefenses3(
                                         bool** freeCells, int nCellsWidth, ...

? 
! Undefined control sequence.
\lst@keywordstyle ->\bfseries \color 
                                     {green!40!black}
l.3 void DEF_LIB_EXPORTED placeDefenses3(bool**
                                                freeCells, int nCellsWidth, ...

? 
! Undefined control sequence.
\lst@thestyle ->\color 
                       {black}
l.3 ...B_EXPORTED placeDefenses3(bool** freeCells,
                                                   int nCellsWidth, int nCel...

? 
! Undefined control sequence.
\lst@keywordstyle ->\bfseries \color 
                                     {green!40!black}
l.3 ...ORTED placeDefenses3(bool** freeCells, int 
                                                  nCellsWidth, int nCellsHei...

? 
! Undefined control sequence.
\lst@thestyle ->\color 
                       {black}
l.3 ...efenses3(bool** freeCells, int nCellsWidth,
                                                   int nCellsHeight, float m...

? 
! Undefined control sequence.
\lst@keywordstyle ->\bfseries \color 
                                     {green!40!black}
l.3 ...es3(bool** freeCells, int nCellsWidth, int 
                                                  nCellsHeight, float mapWid...

? 
! Undefined control sequence.
\lst@thestyle ->\color 
                       {black}
l.3 ...eeCells, int nCellsWidth, int nCellsHeight,
                                                   float mapWidth, float map...

? 
! Undefined control sequence.
\lst@keywordstyle ->\bfseries \color 
                                     {green!40!black}
l.3 ..., int nCellsWidth, int nCellsHeight, float 
                                                  mapWidth, float mapHeight
? 
! Undefined control sequence.
\lst@thestyle ->\color 
                       {black}
l.3 ...llsWidth, int nCellsHeight, float mapWidth,
                                                   float mapHeight
? 
! Undefined control sequence.
\lst@keywordstyle ->\bfseries \color 
                                     {green!40!black}
l.3 ...h, int nCellsHeight, float mapWidth, float 
                                                  mapHeight
? 
! Undefined control sequence.
\lst@thestyle ->\color 
                       {black}
l.3 ...ellsHeight, float mapWidth, float mapHeight
                                                  
? 
! Undefined control sequence.
\lst@thestyle ->\color 
                       {black}
l.4               , List<
                         Object*> obstacles, List<Defense*> defenses)
? 
! Undefined control sequence.
\lst@thestyle ->\color 
                       {black}
l.4               , List<Object*>
                                  obstacles, List<Defense*> defenses)
? 
! Undefined control sequence.
\lst@thestyle ->\color 
                       {black}
l.4               , List<Object*> obstacles,
                                             List<Defense*> defenses)
? 
! Undefined control sequence.
\lst@thestyle ->\color 
                       {black}
l.4               , List<Object*> obstacles, List<
                                                  Defense*> defenses)
? 
! Undefined control sequence.
\lst@thestyle ->\color 
                       {black}
l.4 ...  , List<Object*> obstacles, List<Defense*>
                                                   defenses)
? 
! Undefined control sequence.
\lst@thestyle ->\color 
                       {black}
l.4 ...bject*> obstacles, List<Defense*> defenses)
                                                  
? 
! Undefined control sequence.
\lst@keywordstyle ->\bfseries \color 
                                     {green!40!black}
l.7   float 
            cellWidth = mapWidth / nCellsWidth;
? 
! Undefined control sequence.
\lst@thestyle ->\color 
                       {black}
l.7   float cellWidth 
                      = mapWidth / nCellsWidth;
? 
! Undefined control sequence.
\lst@thestyle ->\color 
                       {black}
l.7   float cellWidth = mapWidth 
                                 / nCellsWidth;
? 
! Undefined control sequence.
\lst@thestyle ->\color 
                       {black}
l.7   float cellWidth = mapWidth / nCellsWidth;
                                               
? 
! Undefined control sequence.
\lst@keywordstyle ->\bfseries \color 
                                     {green!40!black}
l.8   float 
            cellHeight = mapHeight / nCellsHeight;
? 
! Undefined control sequence.
\lst@thestyle ->\color 
                       {black}
l.8   float cellHeight 
                       = mapHeight / nCellsHeight;
? 
! Undefined control sequence.
\lst@thestyle ->\color 
                       {black}
l.8   float cellHeight = mapHeight 
                                   / nCellsHeight;
? 
! Undefined control sequence.
\lst@thestyle ->\color 
                       {black}
l.8   float cellHeight = mapHeight / nCellsHeight;
                                                  
? 
! Undefined control sequence.
\lst@thestyle ->\bfseries \color 
                                 {green!40!black}
l.11 #
      ifdef PRUEBAS_CAJA_NEGRA
? 
! Undefined control sequence.
\lst@thestyle ->\bfseries \color 
                                 {green!40!black}
l.11 #ifdef 
            PRUEBAS_CAJA_NEGRA
? 
! Undefined control sequence.
\lst@thestyle ->\color 
                       {black}
l.12     sCelda 
                celdas[10];
? 
! Undefined control sequence.
\lst@thestyle ->\color 
                       {black}
l.12     sCelda celdas[
                       10];
? 
! Undefined control sequence.
\lst@thestyle ->\color 
                       {black}
l.13     sCelda 
                w[10];
? 
! Undefined control sequence.
\lst@thestyle ->\color 
                       {black}
l.13     sCelda w[
                  10];
? 
! Undefined control sequence.
\lst@keywordstyle ->\bfseries \color 
                                     {green!40!black}
l.14     for(
             int i=0;i<10;++i) {
? 
! Undefined control sequence.
\lst@keywordstyle ->\bfseries \color 
                                     {green!40!black}
l.14     for(int 
                 i=0;i<10;++i) {
? 
! Undefined control sequence.
\lst@thestyle ->\color 
                       {black}
l.14     for(int i=
                   0;i<10;++i) {
? 
! Undefined control sequence.
\lst@thestyle ->\color 
                       {black}
l.14     for(int i=0;i<
                       10;++i) {
? 
! Undefined control sequence.
\lst@thestyle ->\color 
                       {black}
l.14     for(int i=0;i<10;++i)
                               {
? 
! Undefined control sequence.
\lst@thestyle ->\color 
                       {black}
l.15         celdas[
                    i].punt = i;
? 
! Undefined control sequence.
\lst@thestyle ->\color 
                       {black}
l.15         celdas[i]
                      .punt = i;
? 
! Undefined control sequence.
\lst@thestyle ->\color 
                       {black}
l.15         celdas[i].punt 
                            = i;
? 
! Undefined control sequence.
\lst@thestyle ->\color 
                       {black}
l.15         celdas[i].punt = i;
                                
? 
! Undefined control sequence.
\lst@thestyle ->\color 
                       {black}
l.16         celdas[
                    i].x = 0;
? 
! Undefined control sequence.
\lst@thestyle ->\color 
                       {black}
l.16         celdas[i]
                      .x = 0;
? 
! Undefined control sequence.
\lst@thestyle ->\color 
                       {black}
l.16         celdas[i].x 
                         = 0;
? 
! Undefined control sequence.
\lst@thestyle ->\color 
                       {black}
l.17         celdas[
                    i].y = 0;
? 
! Undefined control sequence.
\lst@thestyle ->\color 
                       {black}
l.17         celdas[i]
                      .y = 0;
? 
! Undefined control sequence.
\lst@thestyle ->\color 
                       {black}
l.17         celdas[i].y 
                         = 0;
? 
! Undefined control sequence.
\lst@keywordstyle ->\bfseries \color 
                                     {green!40!black}
l.20     while 
               ( std::next_permutation(celdas, celdas+10)) {
? 
! Undefined control sequence.
\lst@thestyle ->\color 
                       {black}
l.20     while ( std:
                     :next_permutation(celdas, celdas+10)) {
? 
! Undefined control sequence.
\lst@thestyle ->\color 
                       {black}
l.20     while ( std::next_permutation(
                                       celdas, celdas+10)) {
? 
! Undefined control sequence.
\lst@thestyle ->\color 
                       {black}
l.20     while ( std::next_permutation(celdas,
                                               celdas+10)) {
? 
! Undefined control sequence.
\lst@thestyle ->\color 
                       {black}
l.20 ...le ( std::next_permutation(celdas, celdas+
                                                  10)) {
? 
! Undefined control sequence.
\lst@keywordstyle ->\bfseries \color 
                                     {green!40!black}
l.22       for(
               int i = 0; i < 10; i++)
? 
! Undefined control sequence.
\lst@keywordstyle ->\bfseries \color 
                                     {green!40!black}
l.22       for(int 
                   i = 0; i < 10; i++)
? 
! Undefined control sequence.
\lst@thestyle ->\color 
                       {black}
l.22       for(int i 
                     = 0; i < 10; i++)
? 
! Undefined control sequence.
\lst@thestyle ->\color 
                       {black}
l.22       for(int i = 0; i 
                            < 10; i++)
? 
! Undefined control sequence.
\lst@thestyle ->\color 
                       {black}
l.22       for(int i = 0; i < 10; i+
                                    +)
? 
! Undefined control sequence.
\lst@thestyle ->\color 
                       {black}
l.24         w[
               i] = celdas[i];
? 
! Undefined control sequence.
\lst@thestyle ->\color 
                       {black}
l.24         w[i]
                  = celdas[i];
? 
! Undefined control sequence.
\lst@thestyle ->\color 
                       {black}
l.24         w[i] = celdas[
                           i];
? 
! Undefined control sequence.
\lst@thestyle ->\color 
                       {black}
l.24         w[i] = celdas[i]
                             ;
? 
! Undefined control sequence.
\lst@thestyle ->\color 
                       {black}
l.27         ordfusion(
                       w,0, 10-1);
? 
! Undefined control sequence.
\lst@thestyle ->\color 
                       {black}
l.27         ordfusion(w,
                         0, 10-1);
? 
! Undefined control sequence.
\lst@keywordstyle ->\bfseries \color 
                                     {green!40!black}
l.28         if(
                !ordenado(w))
? 
! Undefined control sequence.
\lst@thestyle ->\color 
                       {black}
l.28         if(!ordenado(
                          w))
? 
! Undefined control sequence.
\lst@thestyle ->\color 
                       {black}
l.28         if(!ordenado(w)
                            )
? 
! Undefined control sequence.
\lst@thestyle ->\color 
                       {black}
l.29             std:
                     :cout << "Error" << std::endl ;
? 
! Undefined control sequence.
\lst@thestyle ->\color 
                       {black}
l.29             std::cout 
                           << "Error" << std::endl ;
? 
! Undefined control sequence.
\lst@stringstyle ->\color 
                          {orange}
l.29             std::cout << "
                               Error" << std::endl ;
? 
! Undefined control sequence.
\lst@stringstyle ->\color 
                          {orange}
l.29             std::cout << "Error"
                                      << std::endl ;
? 
! Undefined control sequence.
\lst@stringstyle ->\color 
                          {orange}
l.29             std::cout << "Error"
                                      << std::endl ;
? 
! Undefined control sequence.
\lst@thestyle ->\color 
                       {black}
l.29             std::cout << "Error" << std:
                                             :endl ;
? 
! Undefined control sequence.
\lst@thestyle ->\color 
                       {black}
l.29 ...        std::cout << "Error" << std::endl 
                                                  ;
? 
! Undefined control sequence.
\lst@keywordstyle ->\bfseries \color 
                                     {green!40!black}
l.32     for(
             int i=0 ; i < 10 ; ++i) {
? 
! Undefined control sequence.
\lst@keywordstyle ->\bfseries \color 
                                     {green!40!black}
l.32     for(int 
                 i=0 ; i < 10 ; ++i) {
? 
! Undefined control sequence.
\lst@thestyle ->\color 
                       {black}
l.32     for(int i=
                   0 ; i < 10 ; ++i) {
? 
! Undefined control sequence.
\lst@thestyle ->\color 
                       {black}
l.32     for(int i=0 ; i 
                         < 10 ; ++i) {
? 
! Undefined control sequence.
\lst@thestyle ->\color 
                       {black}
l.32     for(int i=0 ; i < 10 ; ++i)
                                     {
? 
! Undefined control sequence.
\lst@thestyle ->\color 
                       {black}
l.33         celdas[
                    i].punt = i;
? 
! Undefined control sequence.
\lst@thestyle ->\color 
                       {black}
l.33         celdas[i]
                      .punt = i;
? 
! Undefined control sequence.
\lst@thestyle ->\color 
                       {black}
l.33         celdas[i].punt 
                            = i;
? 
! Undefined control sequence.
\lst@thestyle ->\color 
                       {black}
l.33         celdas[i].punt = i;
                                
? 
! Undefined control sequence.
\lst@thestyle ->\color 
                       {black}
l.34         celdas[
                    i].x = 0;
? 
! Undefined control sequence.
\lst@thestyle ->\color 
                       {black}
l.34         celdas[i]
                      .x = 0;
? 
! Undefined control sequence.
\lst@thestyle ->\color 
                       {black}
l.34         celdas[i].x 
                         = 0;
? 
! Undefined control sequence.
\lst@thestyle ->\color 
                       {black}
l.35         celdas[
                    i].y = 0;
? 
! Undefined control sequence.
\lst@thestyle ->\color 
                       {black}
l.35         celdas[i]
                      .y = 0;
? 
! Undefined control sequence.
\lst@thestyle ->\color 
                       {black}
l.35         celdas[i].y 
                         = 0;
? 
! Undefined control sequence.
\lst@keywordstyle ->\bfseries \color 
                                     {green!40!black}
l.38     while 
               ( std::next_permutation(celdas, celdas+10)) {
? 
! Undefined control sequence.
\lst@thestyle ->\color 
                       {black}
l.38     while ( std:
                     :next_permutation(celdas, celdas+10)) {
? 
! Undefined control sequence.
\lst@thestyle ->\color 
                       {black}
l.38     while ( std::next_permutation(
                                       celdas, celdas+10)) {
? 
! Undefined control sequence.
\lst@thestyle ->\color 
                       {black}
l.38     while ( std::next_permutation(celdas,
                                               celdas+10)) {
? 
! Undefined control sequence.
\lst@thestyle ->\color 
                       {black}
l.38 ...le ( std::next_permutation(celdas, celdas+
                                                  10)) {
? 
! Undefined control sequence.
\lst@keywordstyle ->\bfseries \color 
                                     {green!40!black}
l.40         for(
                 int i = 0; i < 10; i++)
? 
! Undefined control sequence.
\lst@keywordstyle ->\bfseries \color 
                                     {green!40!black}
l.40         for(int 
                     i = 0; i < 10; i++)
? 
! Undefined control sequence.
\lst@thestyle ->\color 
                       {black}
l.40         for(int i 
                       = 0; i < 10; i++)
? 
! Undefined control sequence.
\lst@thestyle ->\color 
                       {black}
l.40         for(int i = 0; i 
                              < 10; i++)
? 
! Undefined control sequence.
\lst@thestyle ->\color 
                       {black}
l.40         for(int i = 0; i < 10; i+
                                      +)
? 
! Undefined control sequence.
\lst@thestyle ->\color 
                       {black}
l.42         w[
               i] = celdas[i];
? 
! Undefined control sequence.
\lst@thestyle ->\color 
                       {black}
l.42         w[i]
                  = celdas[i];
? 
! Undefined control sequence.
\lst@thestyle ->\color 
                       {black}
l.42         w[i] = celdas[
                           i];
? 
! Undefined control sequence.
\lst@thestyle ->\color 
                       {black}
l.42         w[i] = celdas[i]
                             ;
? 
! Undefined control sequence.
\lst@thestyle ->\color 
                       {black}
l.45         ordrapida(
                       w,0,10-1);
? 
! Undefined control sequence.
\lst@thestyle ->\color 
                       {black}
l.45         ordrapida(w,
                         0,10-1);
? 
! Undefined control sequence.
\lst@keywordstyle ->\bfseries \color 
                                     {green!40!black}
l.46         if(
                !ordenado(w))
? 
! Undefined control sequence.
\lst@thestyle ->\color 
                       {black}
l.46         if(!ordenado(
                          w))
? 
! Undefined control sequence.
\lst@thestyle ->\color 
                       {black}
l.46         if(!ordenado(w)
                            )
? 
! Undefined control sequence.
\lst@thestyle ->\color 
                       {black}
l.47             std:
                     :cout << "Error" << std::endl ;
? 
! Undefined control sequence.
\lst@thestyle ->\color 
                       {black}
l.47             std::cout 
                           << "Error" << std::endl ;
? 
! Undefined control sequence.
\lst@stringstyle ->\color 
                          {orange}
l.47             std::cout << "
                               Error" << std::endl ;
? 
! Undefined control sequence.
\lst@stringstyle ->\color 
                          {orange}
l.47             std::cout << "Error"
                                      << std::endl ;
? 
! Undefined control sequence.
\lst@stringstyle ->\color 
                          {orange}
l.47             std::cout << "Error"
                                      << std::endl ;
? 
! Undefined control sequence.
\lst@thestyle ->\color 
                       {black}
l.47             std::cout << "Error" << std:
                                             :endl ;
? 
! Undefined control sequence.
\lst@thestyle ->\color 
                       {black}
l.47 ...        std::cout << "Error" << std::endl 
                                                  ;
? 
! Undefined control sequence.
\lst@keywordstyle ->\bfseries \color 
                                     {green!40!black}
l.51 bool 
          ordenado(sCelda w[])
? 
! Undefined control sequence.
\lst@thestyle ->\color 
                       {black}
l.51 bool ordenado(
                   sCelda w[])
? 
! Undefined control sequence.
\lst@thestyle ->\color 
                       {black}
l.51 bool ordenado(sCelda 
                          w[])
? 
! Undefined control sequence.
\lst@thestyle ->\color 
                       {black}
l.51 bool ordenado(sCelda w[
                            ])
? 
! Undefined control sequence.
\lst@keywordstyle ->\bfseries \color 
                                     {green!40!black}
l.53   bool 
            check = true;
? 
! Undefined control sequence.
\lst@thestyle ->\color 
                       {black}
l.53   bool check 
                  = true;
? 
! Undefined control sequence.
\lst@keywordstyle ->\bfseries \color 
                                     {green!40!black}
l.53   bool check = true;
                         
? 
! Undefined control sequence.
\lst@keywordstyle ->\bfseries \color 
                                     {green!40!black}
l.55   for(
           int i = 0; (i < 10 - 1) && (check == true); i++)
? 
! Undefined control sequence.
\lst@keywordstyle ->\bfseries \color 
                                     {green!40!black}
l.55   for(int 
               i = 0; (i < 10 - 1) && (check == true); i++)
? 
! Undefined control sequence.
\lst@thestyle ->\color 
                       {black}
l.55   for(int i 
                 = 0; (i < 10 - 1) && (check == true); i++)
? 
! Undefined control sequence.
\lst@thestyle ->\color 
                       {black}
l.55   for(int i = 0; (i 
                         < 10 - 1) && (check == true); i++)
? 
! Undefined control sequence.
\lst@thestyle ->\color 
                       {black}
l.55   for(int i = 0; (i < 10 - 1) && (check 
                                             == true); i++)
? 
! Undefined control sequence.
\lst@keywordstyle ->\bfseries \color 
                                     {green!40!black}
l.55 ...int i = 0; (i < 10 - 1) && (check == true)
                                                  ; i++)
? 
! Undefined control sequence.
\lst@thestyle ->\color 
                       {black}
l.55 ...i = 0; (i < 10 - 1) && (check == true); i+
                                                  +)
? 
! Undefined control sequence.
\lst@keywordstyle ->\bfseries \color 
                                     {green!40!black}
l.57     if(
            w[i].punt > w[i+1].punt) {check = false;}
? 
! Undefined control sequence.
\lst@thestyle ->\color 
                       {black}
l.57     if(w[
              i].punt > w[i+1].punt) {check = false;}
? 
! Undefined control sequence.
\lst@thestyle ->\color 
                       {black}
l.57     if(w[i]
                .punt > w[i+1].punt) {check = false;}
? 
! Undefined control sequence.
\lst@thestyle ->\color 
                       {black}
l.57     if(w[i].punt 
                      > w[i+1].punt) {check = false;}
? 
! Undefined control sequence.
\lst@thestyle ->\color 
                       {black}
l.57     if(w[i].punt > w[
                          i+1].punt) {check = false;}
? 
! Undefined control sequence.
\lst@thestyle ->\color 
                       {black}
l.57     if(w[i].punt > w[i+
                            1].punt) {check = false;}
? 
! Undefined control sequence.
\lst@thestyle ->\color 
                       {black}
l.57     if(w[i].punt > w[i+1].punt)
                                     {check = false;}
? 
! Undefined control sequence.
\lst@thestyle ->\color 
                       {black}
l.57     if(w[i].punt > w[i+1].punt) {check 
                                            = false;}
? 
! Undefined control sequence.
\lst@keywordstyle ->\bfseries \color 
                                     {green!40!black}
l.57 ...f(w[i].punt > w[i+1].punt) {check = false;
                                                  }
? 
[3]
! Undefined control sequence.
\lst@keywordstyle ->\bfseries \color 
                                     {green!40!black}
l.59   return 
              check;
? 
! Undefined control sequence.
\lst@thestyle ->\color 
                       {black}
l.59   return check;
                    
? 
) (./e5.tex) (./e6.tex
Package epstopdf Info: Source file: <graphic.eps>
(epstopdf)                    date: 2017-01-07 16:42:43
(epstopdf)                    size: 20432 bytes
(epstopdf)             Output file: <graphic-eps-converted-to.pdf>
(epstopdf)                    date: 2017-01-07 16:56:33
(epstopdf)                    size: 47299 bytes
(epstopdf)             Command: <repstopdf --outfile=graphic-eps-converted-to.p
df graphic.eps>
(epstopdf)             \includegraphics on input line 3.
Package epstopdf Info: Output file is already uptodate.

<graphic-eps-converted-to.pdf, id=16, 597.23125pt x 845.1575pt>
File: graphic-eps-converted-to.pdf Graphic file (type pdf)

<use graphic-eps-converted-to.pdf>
Package pdftex.def Info: graphic-eps-converted-to.pdf used on input line 3.
(pdftex.def)             Requested size: 450.43253pt x 637.42589pt.
) [4] [5 <./graphic-eps-converted-to.pdf>]
(./p3.aux) ) 
Here is how much of TeX's memory you used:
 4149 strings out of 495028
 55796 string characters out of 6181496
 292691 words of memory out of 5000000
 7294 multiletter control sequences out of 15000+600000
 6843 words of font info for 25 fonts, out of 8000000 for 9000
 14 hyphenation exceptions out of 8191
 38i,7n,65p,457b,1790s stack positions out of 5000i,500n,10000p,200000b,80000s
</usr/share/texlive/texmf-dist/fonts/type1/public/amsfonts/cm/cmr10
.pfb></usr/share/texlive/texmf-dist/fonts/type1/public/amsfonts/cm/cmr12.pfb></
usr/share/texlive/texmf-dist/fonts/type1/public/amsfonts/cm/cmr17.pfb></usr/sha
re/texlive/texmf-dist/fonts/type1/public/amsfonts/cm/cmtt8.pfb>
Output written on p3.pdf (5 pages, 115701 bytes).
PDF statistics:
 41 PDF objects out of 1000 (max. 8388607)
 27 compressed objects within 1 object stream
 0 named destinations out of 1000 (max. 500000)
 6 words of extra memory for PDF output out of 10000 (max. 10000000)

